<?xml version="1.0" encoding="UTF-8"?>
<testsuite xmlns:xsi="http://www.w3.org/2001/XMLSchema-instance" xsi:noNamespaceSchemaLocation="https://maven.apache.org/surefire/maven-surefire-plugin/xsd/surefire-test-report.xsd" name="com.cmsc508.sellandbuy.HelloAppEngineTest" time="0.513" tests="2" errors="0" skipped="0" failures="0">
  <properties>
[...]
</properties>
  <testcase name="helloInfoTest" classname="com.cmsc508.sellandbuy.HelloAppEngineTest" time="0.371"/>
  <testcase name="doGetWritesResponse" classname="com.cmsc508.sellandbuy.HelloAppEngineTest" time="0.009"/>
</testsuite>